build/app/outputs/mapping/release/seeds.txt
com.trooper.revismar.MainActivity
com.trooper.revismar.MainActivity: MainActivity()
com.trooper.revismar.R$attr: int alpha
com.trooper.revismar.R$attr: int coordinatorLayoutStyle
com.trooper.revismar.R$attr: int font
com.trooper.revismar.R$attr: int fontProviderAuthority
com.trooper.revismar.R$attr: int fontProviderCerts
com.trooper.revismar.R$attr: int fontProviderFetchStrategy
com.trooper.revismar.R$attr: int fontProviderFetchTimeout
com.trooper.revismar.R$attr: int fontProviderPackage
com.trooper.revismar.R$attr: int fontProviderQuery
com.trooper.revismar.R$attr: int fontStyle
com.trooper.revismar.R$attr: int fontVariationSettings
com.trooper.revismar.R$attr: int fontWeight
com.trooper.revismar.R$attr: int keylines
com.trooper.revismar.R$attr: int layout_anchor
com.trooper.revismar.R$attr: int layout_anchorGravity
com.trooper.revismar.R$attr: int layout_behavior
com.trooper.revismar.R$attr: int layout_dodgeInsetEdges
com.trooper.revismar.R$attr: int layout_insetEdge
com.trooper.revismar.R$attr: int layout_keyline
com.trooper.revismar.R$attr: int statusBarBackground
com.trooper.revismar.R$attr: int ttcIndex
com.trooper.revismar.R$color: int notification_action_color_filter
com.trooper.revismar.R$color: int notification_icon_bg_color
com.trooper.revismar.R$color: int ripple_material_light
com.trooper.revismar.R$color: int secondary_text_default_material_light
com.trooper.revismar.R$dimen: int compat_button_inset_horizontal_material
com.trooper.revismar.R$dimen: int compat_button_inset_vertical_material
com.trooper.revismar.R$dimen: int compat_button_padding_horizontal_material
com.trooper.revismar.R$dimen: int compat_button_padding_vertical_material
com.trooper.revismar.R$dimen: int compat_control_corner_material
com.trooper.revismar.R$dimen: int compat_notification_large_icon_max_height
com.trooper.revismar.R$dimen: int compat_notification_large_icon_max_width
com.trooper.revismar.R$dimen: int notification_action_icon_size
com.trooper.revismar.R$dimen: int notification_action_text_size
com.trooper.revismar.R$dimen: int notification_big_circle_margin
com.trooper.revismar.R$dimen: int notification_content_margin_start
com.trooper.revismar.R$dimen: int notification_large_icon_height
com.trooper.revismar.R$dimen: int notification_large_icon_width
com.trooper.revismar.R$dimen: int notification_main_column_padding_top
com.trooper.revismar.R$dimen: int notification_media_narrow_margin
com.trooper.revismar.R$dimen: int notification_right_icon_size
com.trooper.revismar.R$dimen: int notification_right_side_padding_top
com.trooper.revismar.R$dimen: int notification_small_icon_background_padding
com.trooper.revismar.R$dimen: int notification_small_icon_size_as_large
com.trooper.revismar.R$dimen: int notification_subtext_size
com.trooper.revismar.R$dimen: int notification_top_pad
com.trooper.revismar.R$drawable: int launch_background
com.trooper.revismar.R$drawable: int notification_action_background
com.trooper.revismar.R$drawable: int notification_bg
com.trooper.revismar.R$drawable: int notification_bg_low
com.trooper.revismar.R$drawable: int notification_bg_low_normal
com.trooper.revismar.R$drawable: int notification_bg_low_pressed
com.trooper.revismar.R$drawable: int notification_bg_normal
com.trooper.revismar.R$drawable: int notification_bg_normal_pressed
com.trooper.revismar.R$drawable: int notification_icon_background
com.trooper.revismar.R$drawable: int notification_template_icon_bg
com.trooper.revismar.R$drawable: int notification_template_icon_low_bg
com.trooper.revismar.R$drawable: int notification_tile_bg
com.trooper.revismar.R$drawable: int notify_panel_notification_icon_bg
...
android.support.coreutils.R$string: int status_bar_notification_info_overflow
android.support.coreutils.R$style: int TextAppearance_Compat_Notification
android.support.coreutils.R$style: int TextAppearance_Compat_Notification_Info
android.support.coreutils.R$style: int TextAppearance_Compat_Notification_Line2
android.support.coreutils.R$style: int TextAppearance_Compat_Notification_Time
android.support.coreutils.R$style: int TextAppearance_Compat_Notification_Title
android.support.coreutils.R$style: int Widget_Compat_NotificationActionContainer
android.support.coreutils.R$style: int Widget_Compat_NotificationActionText
android.support.coreutils.R$styleable: int[] ColorStateListItem
android.support.coreutils.R$styleable: int ColorStateListItem_android_color
android.support.coreutils.R$styleable: int ColorStateListItem_android_alpha
android.support.coreutils.R$styleable: int ColorStateListItem_alpha
android.support.coreutils.R$styleable: int[] FontFamily
android.support.coreutils.R$styleable: int FontFamily_fontProviderAuthority
android.support.coreutils.R$styleable: int FontFamily_fontProviderCerts
android.support.coreutils.R$styleable: int FontFamily_fontProviderFetchStrategy
android.support.coreutils.R$styleable: int FontFamily_fontProviderFetchTimeout
android.support.coreutils.R$styleable: int FontFamily_fontProviderPackage
android.support.coreutils.R$styleable: int FontFamily_fontProviderQuery
android.support.coreutils.R$styleable: int[] FontFamilyFont
android.support.coreutils.R$styleable: int FontFamilyFont_android_font
android.support.coreutils.R$styleable: int FontFamilyFont_android_fontWeight
android.support.coreutils.R$styleable: int FontFamilyFont_android_fontStyle
android.support.coreutils.R$styleable: int FontFamilyFont_android_ttcIndex
android.support.coreutils.R$styleable: int FontFamilyFont_android_fontVariationSettings
android.support.coreutils.R$styleable: int FontFamilyFont_font
android.support.coreutils.R$styleable: int FontFamilyFont_fontStyle
android.support.coreutils.R$styleable: int FontFamilyFont_fontVariationSettings
android.support.customview.R$attr: int alpha
android.support.customview.R$attr: int font
android.support.customview.R$attr: int fontProviderAuthority
android.support.customview.R$attr: int fontProviderCerts
android.support.customview.R$attr: int fontProviderFetchStrategy
android.support.customview.R$attr: int fontProviderFetchTimeout
android.support.customview.R$attr: int fontProviderPackage
android.support.customview.R$attr: int fontProviderQuery
android.support.customview.R$attr: int fontStyle
android.support.customview.R$attr: int fontVariationSettings
android.support.customview.R$attr: int fontWeight
android.support.customview.R$attr: int ttcIndex
android.support.customview.R$color: int notification_action_color_filter
android.support.customview.R$color: int notification_icon_bg_color
android.support.customview.R$color: int ripple_material_light
android.support.customview.R$color: int secondary_text_default_material_light