build/app/outputs/mapping/release/mapping.txt
com.trooper.revismar.MainActivity -> com.trooper.revismar.MainActivity:
    void onCreate(android.os.Bundle) -> onCreate
    void <init>() -> <init>
...
android.arch.lifecycle.ViewModelProvider -> android.arch.lifecycle.o:
    android.arch.lifecycle.ViewModelProvider$Factory mFactory -> a
    android.arch.lifecycle.ViewModelStore mViewModelStore -> b
    void <init>(android.arch.lifecycle.ViewModelStore,android.arch.lifecycle.ViewModelProvider$Factory) -> <init>
    android.arch.lifecycle.ViewModel get(java.lang.Class) -> a
    android.arch.lifecycle.ViewModel get(java.lang.String,java.lang.Class) -> a
android.arch.lifecycle.ViewModelProvider$Factory -> android.arch.lifecycle.o$a:
    android.arch.lifecycle.ViewModel create(java.lang.Class) -> a
android.arch.lifecycle.ViewModelStore -> android.arch.lifecycle.p:
    java.util.HashMap mMap -> a
    void <init>() -> <init>
    void put(java.lang.String,android.arch.lifecycle.ViewModel) -> a
    android.arch.lifecycle.ViewModel get(java.lang.String) -> a
    void clear() -> a
android.arch.lifecycle.ViewModelStoreOwner -> android.arch.lifecycle.q:
    android.arch.lifecycle.ViewModelStore getViewModelStore() -> getViewModelStore
android.support.annotation.Keep -> android.support.annotation.Keep:
android.support.compat.R -> android.support.a.a:
android.support.compat.R$id -> android.support.a.a$a:
    int action_container -> action_container
    int action_divider -> action_divider
    int action_image -> action_image
    int action_text -> action_text
    int actions -> actions
    int async -> async
    int blocking -> blocking
    int chronometer -> chronometer
    int forever -> forever
    int icon -> icon
    int icon_group -> icon_group
    int info -> info
    int italic -> italic
    int line1 -> line1
    int line3 -> line3
    int normal -> normal
    int notification_background -> notification_background
    int notification_main_column -> notification_main_column
    int notification_main_column_container -> notification_main_column_container
    int right_icon -> right_icon
    int right_side -> right_side
    int tag_transition_group -> tag_transition_group
    int tag_unhandled_key_event_manager -> tag_unhandled_key_event_manager
    int tag_unhandled_key_listeners -> tag_unhandled_key_listeners
    int text -> text
    int text2 -> text2
    int time -> time
    int title -> title
android.support.v4.app.ActivityCompat -> android.support.v4.app.a:
    android.support.v4.app.ActivityCompat$PermissionCompatDelegate sDelegate -> a
    android.support.v4.app.ActivityCompat$PermissionCompatDelegate getPermissionCompatDelegate() -> a
    void startActivityForResult(android.app.Activity,android.content.Intent,int,android.os.Bundle) -> a
    void startIntentSenderForResult(android.app.Activity,android.content.IntentSender,int,android.content.Intent,int,int,int,android.os.Bundle) -> a
    void finishAfterTransition(android.app.Activity) -> a
    void setEnterSharedElementCallback(android.app.Activity,android.support.v4.app.SharedElementCallback) -> a
    void setExitSharedElementCallback(android.app.Activity,android.support.v4.app.SharedElementCallback) -> b
    void postponeEnterTransition(android.app.Activity) -> b
    void startPostponedEnterTransition(android.app.Activity) -> c
    void requestPermissions(android.app.Activity,java.lang.String[],int) -> a
    boolean shouldShowRequestPermissionRationale(android.app.Activity,java.lang.String) -> a
android.support.v4.app.ActivityCompat$1 -> android.support.v4.app.a$1:
    java.lang.String[] val$permissions -> a
    android.app.Activity val$activity -> b
    int val$requestCode -> c
    void <init>(java.lang.String[],android.app.Activity,int) -> <init>
    void run() -> run
android.support.v4.app.ActivityCompat$OnRequestPermissionsResultCallback -> android.support.v4.app.a$a:
    void onRequestPermissionsResult(int,java.lang.String[],int[]) -> onRequestPermissionsResult